Determining if the pthread_create exist failed with the following output:
Change Dir: /home/victor/test/pcl/CMakeFiles/CMakeTmp

Run Build Command:"/usr/bin/make" "cmTC_fa32f/fast"
/usr/bin/make -f CMakeFiles/cmTC_fa32f.dir/build.make CMakeFiles/cmTC_fa32f.dir/build
make[1]: Entering directory '/home/victor/test/pcl/CMakeFiles/CMakeTmp'
Building C object CMakeFiles/cmTC_fa32f.dir/CheckSymbolExists.c.o
/usr/bin/cc     -o CMakeFiles/cmTC_fa32f.dir/CheckSymbolExists.c.o   -c /home/victor/test/pcl/CMakeFiles/CMakeTmp/CheckSymbolExists.c
Linking C executable cmTC_fa32f
/usr/bin/cmake -E cmake_link_script CMakeFiles/cmTC_fa32f.dir/link.txt --verbose=1
/usr/bin/cc       CMakeFiles/cmTC_fa32f.dir/CheckSymbolExists.c.o  -o cmTC_fa32f -rdynamic 
CMakeFiles/cmTC_fa32f.dir/CheckSymbolExists.c.o：在函数‘main’中：
CheckSymbolExists.c:(.text+0x16)：对‘pthread_create’未定义的引用
collect2: error: ld returned 1 exit status
CMakeFiles/cmTC_fa32f.dir/build.make:97: recipe for target 'cmTC_fa32f' failed
make[1]: *** [cmTC_fa32f] Error 1
make[1]: Leaving directory '/home/victor/test/pcl/CMakeFiles/CMakeTmp'
Makefile:126: recipe for target 'cmTC_fa32f/fast' failed
make: *** [cmTC_fa32f/fast] Error 2

File /home/victor/test/pcl/CMakeFiles/CMakeTmp/CheckSymbolExists.c:
/* */
#include <pthread.h>

int main(int argc, char** argv)
{
  (void)argv;
#ifndef pthread_create
  return ((int*)(&pthread_create))[argc];
#else
  (void)argc;
  return 0;
#endif
}

Determining if the function pthread_create exists in the pthreads failed with the following output:
Change Dir: /home/victor/test/pcl/CMakeFiles/CMakeTmp

Run Build Command:"/usr/bin/make" "cmTC_0d8f3/fast"
/usr/bin/make -f CMakeFiles/cmTC_0d8f3.dir/build.make CMakeFiles/cmTC_0d8f3.dir/build
make[1]: Entering directory '/home/victor/test/pcl/CMakeFiles/CMakeTmp'
Building C object CMakeFiles/cmTC_0d8f3.dir/CheckFunctionExists.c.o
/usr/bin/cc    -DCHECK_FUNCTION_EXISTS=pthread_create   -o CMakeFiles/cmTC_0d8f3.dir/CheckFunctionExists.c.o   -c /usr/share/cmake-3.5/Modules/CheckFunctionExists.c
Linking C executable cmTC_0d8f3
/usr/bin/cmake -E cmake_link_script CMakeFiles/cmTC_0d8f3.dir/link.txt --verbose=1
/usr/bin/cc   -DCHECK_FUNCTION_EXISTS=pthread_create    CMakeFiles/cmTC_0d8f3.dir/CheckFunctionExists.c.o  -o cmTC_0d8f3 -rdynamic -lpthreads 
/usr/bin/ld: 找不到 -lpthreads
collect2: error: ld returned 1 exit status
CMakeFiles/cmTC_0d8f3.dir/build.make:97: recipe for target 'cmTC_0d8f3' failed
make[1]: *** [cmTC_0d8f3] Error 1
make[1]: Leaving directory '/home/victor/test/pcl/CMakeFiles/CMakeTmp'
Makefile:126: recipe for target 'cmTC_0d8f3/fast' failed
make: *** [cmTC_0d8f3/fast] Error 2


